<?xml version="1.0" encoding="UTF-8"?>
<testng-results ignored="0" total="1" passed="1" failed="0" skipped="0">
  <reporter-output>
  </reporter-output>
  <suite started-at="2021-08-03T01:37:18 CEST" name="Default suite" finished-at="2021-08-03T01:37:19 CEST" duration-ms="1218">
    <groups>
    </groups>
    <test started-at="2021-08-03T01:37:18 CEST" name="Default test" finished-at="2021-08-03T01:37:19 CEST" duration-ms="1218">
      <class name="com.qa.tests.GetAPITest">
        <test-method is-config="true" signature="setup()[pri:0, instance:com.qa.tests.GetAPITest@2ddc8ecb]" started-at="2021-08-03T01:37:18 CEST" name="setup" finished-at="2021-08-03T01:37:18 CEST" duration-ms="12" status="PASS">
          <reporter-output>
          </reporter-output>
        </test-method> <!-- setup -->
        <test-method signature="getAPI()[pri:0, instance:com.qa.tests.GetAPITest@2ddc8ecb]" started-at="2021-08-03T01:37:18 CEST" name="getAPI" finished-at="2021-08-03T01:37:19 CEST" duration-ms="1089" status="PASS">
          <reporter-output>
          </reporter-output>
        </test-method> <!-- getAPI -->
      </class> <!-- com.qa.tests.GetAPITest -->
    </test> <!-- Default test -->
  </suite> <!-- Default suite -->
</testng-results>
